<?xml version="1.0" encoding="UTF-8"?>
<coverage generated="1662262580134" clover="3.2.0">
  <project timestamp="1662262580134" name="All files">
    <metrics statements="105" coveredstatements="68" conditionals="18" coveredconditionals="3" methods="26" coveredmethods="15" elements="149" coveredelements="86" complexity="0" loc="105" ncloc="105" packages="11" files="13" classes="13"/>
    <package name="specs">
      <metrics statements="7" coveredstatements="6" conditionals="0" coveredconditionals="0" methods="2" coveredmethods="1"/>
      <file name="context.ts" path="/home/juanfer/node-projects/clean-arquitecture-typescript/specs/context.ts">
        <metrics statements="2" coveredstatements="2" conditionals="0" coveredconditionals="0" methods="1" coveredmethods="1"/>
        <line num="12" count="1" type="stmt"/>
        <line num="13" count="6" type="stmt"/>
      </file>
      <file name="server.ts" path="/home/juanfer/node-projects/clean-arquitecture-typescript/specs/server.ts">
        <metrics statements="5" coveredstatements="4" conditionals="0" coveredconditionals="0" methods="1" coveredmethods="0"/>
        <line num="6" count="1" type="stmt"/>
        <line num="7" count="1" type="stmt"/>
        <line num="9" count="1" type="stmt"/>
        <line num="10" count="0" type="stmt"/>
        <line num="13" count="1" type="stmt"/>
      </file>
    </package>
    <package name="src.common.clients.prisma">
      <metrics statements="9" coveredstatements="5" conditionals="4" coveredconditionals="2" methods="1" coveredmethods="0"/>
      <file name="index.ts" path="/home/juanfer/node-projects/clean-arquitecture-typescript/src/common/clients/prisma/index.ts">
        <metrics statements="9" coveredstatements="5" conditionals="4" coveredconditionals="2" methods="1" coveredmethods="0"/>
        <line num="4" count="1" type="stmt"/>
        <line num="22" count="1" type="cond" truecount="1" falsecount="1"/>
        <line num="24" count="1" type="stmt"/>
        <line num="32" count="1" type="stmt"/>
        <line num="33" count="0" type="stmt"/>
        <line num="34" count="0" type="stmt"/>
        <line num="35" count="0" type="stmt"/>
        <line num="37" count="0" type="stmt"/>
        <line num="41" count="1" type="stmt"/>
      </file>
    </package>
    <package name="src.common.repository">
      <metrics statements="14" coveredstatements="4" conditionals="2" coveredconditionals="0" methods="6" coveredmethods="3"/>
      <file name="index.ts" path="/home/juanfer/node-projects/clean-arquitecture-typescript/src/common/repository/index.ts">
        <metrics statements="14" coveredstatements="4" conditionals="2" coveredconditionals="0" methods="6" coveredmethods="3"/>
        <line num="13" count="1" type="stmt"/>
        <line num="15" count="1" type="stmt"/>
        <line num="19" count="0" type="stmt"/>
        <line num="20" count="0" type="stmt"/>
        <line num="22" count="0" type="stmt"/>
        <line num="24" count="0" type="cond" truecount="0" falsecount="2"/>
        <line num="25" count="0" type="stmt"/>
        <line num="28" count="0" type="stmt"/>
        <line num="33" count="1" type="stmt"/>
        <line num="35" count="1" type="stmt"/>
        <line num="39" count="0" type="stmt"/>
        <line num="41" count="0" type="stmt"/>
        <line num="45" count="0" type="stmt"/>
        <line num="47" count="0" type="stmt"/>
      </file>
    </package>
    <package name="src.common.utils">
      <metrics statements="2" coveredstatements="2" conditionals="0" coveredconditionals="0" methods="1" coveredmethods="1"/>
      <file name="index.ts" path="/home/juanfer/node-projects/clean-arquitecture-typescript/src/common/utils/index.ts">
        <metrics statements="2" coveredstatements="2" conditionals="0" coveredconditionals="0" methods="1" coveredmethods="1"/>
        <line num="1" count="2" type="stmt"/>
        <line num="2" count="9" type="stmt"/>
      </file>
    </package>
    <package name="src.common.utils.logger">
      <metrics statements="15" coveredstatements="5" conditionals="6" coveredconditionals="0" methods="4" coveredmethods="0"/>
      <file name="index.ts" path="/home/juanfer/node-projects/clean-arquitecture-typescript/src/common/utils/logger/index.ts">
        <metrics statements="15" coveredstatements="5" conditionals="6" coveredconditionals="0" methods="4" coveredmethods="0"/>
        <line num="5" count="1" type="stmt"/>
        <line num="7" count="1" type="stmt"/>
        <line num="13" count="0" type="stmt"/>
        <line num="31" count="1" type="stmt"/>
        <line num="32" count="0" type="stmt"/>
        <line num="34" count="0" type="cond" truecount="0" falsecount="4"/>
        <line num="35" count="0" type="stmt"/>
        <line num="38" count="0" type="stmt"/>
        <line num="41" count="1" type="stmt"/>
        <line num="43" count="0" type="stmt"/>
        <line num="44" count="0" type="stmt"/>
        <line num="46" count="0" type="cond" truecount="0" falsecount="2"/>
        <line num="49" count="1" type="stmt"/>
        <line num="51" count="0" type="stmt"/>
        <line num="53" count="0" type="stmt"/>
      </file>
    </package>
    <package name="src.user">
      <metrics statements="6" coveredstatements="6" conditionals="0" coveredconditionals="0" methods="0" coveredmethods="0"/>
      <file name="container.ts" path="/home/juanfer/node-projects/clean-arquitecture-typescript/src/user/container.ts">
        <metrics statements="5" coveredstatements="5" conditionals="0" coveredconditionals="0" methods="0" coveredmethods="0"/>
        <line num="9" count="1" type="stmt"/>
        <line num="10" count="1" type="stmt"/>
        <line num="11" count="1" type="stmt"/>
        <line num="12" count="1" type="stmt"/>
        <line num="13" count="1" type="stmt"/>
      </file>
      <file name="types.ts" path="/home/juanfer/node-projects/clean-arquitecture-typescript/src/user/types.ts">
        <metrics statements="1" coveredstatements="1" conditionals="0" coveredconditionals="0" methods="0" coveredmethods="0"/>
        <line num="1" count="1" type="stmt"/>
      </file>
    </package>
    <package name="src.user.application">
      <metrics statements="19" coveredstatements="17" conditionals="0" coveredconditionals="0" methods="6" coveredmethods="5"/>
      <file name="user.use_case.ts" path="/home/juanfer/node-projects/clean-arquitecture-typescript/src/user/application/user.use_case.ts">
        <metrics statements="19" coveredstatements="17" conditionals="0" coveredconditionals="0" methods="6" coveredmethods="5"/>
        <line num="19" count="1" type="stmt"/>
        <line num="22" count="5" type="stmt"/>
        <line num="23" count="5" type="stmt"/>
        <line num="24" count="5" type="stmt"/>
        <line num="25" count="1" type="stmt"/>
        <line num="27" count="1" type="stmt"/>
        <line num="29" count="4" type="stmt"/>
        <line num="33" count="1" type="stmt"/>
        <line num="34" count="1" type="stmt"/>
        <line num="36" count="1" type="stmt"/>
        <line num="40" count="0" type="stmt"/>
        <line num="42" count="0" type="stmt"/>
        <line num="46" count="5" type="stmt"/>
        <line num="47" count="5" type="stmt"/>
        <line num="49" count="4" type="stmt"/>
        <line num="51" count="4" type="stmt"/>
        <line num="52" count="8" type="stmt"/>
        <line num="53" count="8" type="stmt"/>
        <line num="56" count="4" type="stmt"/>
      </file>
    </package>
    <package name="src.user.domain">
      <metrics statements="3" coveredstatements="3" conditionals="0" coveredconditionals="0" methods="1" coveredmethods="1"/>
      <file name="user.mapper.ts" path="/home/juanfer/node-projects/clean-arquitecture-typescript/src/user/domain/user.mapper.ts">
        <metrics statements="3" coveredstatements="3" conditionals="0" coveredconditionals="0" methods="1" coveredmethods="1"/>
        <line num="31" count="5" type="stmt"/>
        <line num="32" count="5" type="stmt"/>
        <line num="33" count="5" type="stmt"/>
      </file>
    </package>
    <package name="src.user.infastructure.controller">
      <metrics statements="23" coveredstatements="13" conditionals="6" coveredconditionals="1" methods="4" coveredmethods="3"/>
      <file name="index.ts" path="/home/juanfer/node-projects/clean-arquitecture-typescript/src/user/infastructure/controller/index.ts">
        <metrics statements="23" coveredstatements="13" conditionals="6" coveredconditionals="1" methods="4" coveredmethods="3"/>
        <line num="13" count="1" type="stmt"/>
        <line num="14" count="1" type="stmt"/>
        <line num="15" count="1" type="stmt"/>
        <line num="18" count="1" type="stmt"/>
        <line num="19" count="5" type="stmt"/>
        <line num="20" count="5" type="stmt"/>
        <line num="22" count="1" type="stmt"/>
        <line num="24" count="4" type="cond" truecount="1" falsecount="1"/>
        <line num="25" count="4" type="stmt"/>
        <line num="26" count="0" type="cond" truecount="0" falsecount="2"/>
        <line num="27" count="0" type="stmt"/>
        <line num="29" count="0" type="stmt"/>
        <line num="34" count="1" type="stmt"/>
        <line num="35" count="1" type="stmt"/>
        <line num="37" count="1" type="stmt"/>
        <line num="40" count="1" type="stmt"/>
        <line num="41" count="0" type="stmt"/>
        <line num="42" count="0" type="stmt"/>
        <line num="43" count="0" type="stmt"/>
        <line num="45" count="0" type="cond" truecount="0" falsecount="2"/>
        <line num="46" count="0" type="stmt"/>
        <line num="48" count="0" type="stmt"/>
        <line num="51" count="0" type="stmt"/>
      </file>
    </package>
    <package name="src.user.infastructure.repositories">
      <metrics statements="2" coveredstatements="2" conditionals="0" coveredconditionals="0" methods="1" coveredmethods="1"/>
      <file name="user.repository.ts" path="/home/juanfer/node-projects/clean-arquitecture-typescript/src/user/infastructure/repositories/user.repository.ts">
        <metrics statements="2" coveredstatements="2" conditionals="0" coveredconditionals="0" methods="1" coveredmethods="1"/>
        <line num="12" count="1" type="stmt"/>
        <line num="13" count="1" type="stmt"/>
      </file>
    </package>
    <package name="src.user.infastructure.routes">
      <metrics statements="5" coveredstatements="5" conditionals="0" coveredconditionals="0" methods="0" coveredmethods="0"/>
      <file name="index.ts" path="/home/juanfer/node-projects/clean-arquitecture-typescript/src/user/infastructure/routes/index.ts">
        <metrics statements="5" coveredstatements="5" conditionals="0" coveredconditionals="0" methods="0" coveredmethods="0"/>
        <line num="29" count="1" type="stmt"/>
        <line num="31" count="1" type="stmt"/>
        <line num="33" count="1" type="stmt"/>
        <line num="34" count="1" type="stmt"/>
        <line num="35" count="1" type="stmt"/>
      </file>
    </package>
  </project>
</coverage>
