{"/home/juanfer/node-projects/clean-arquitecture-typescript/specs/context.ts": {"path":"/home/juanfer/node-projects/clean-arquitecture-typescript/specs/context.ts","statementMap":{"0":{"start":{"line":12,"column":33},"end":{"line":16,"column":1}},"1":{"start":{"line":13,"column":2},"end":{"line":15,"column":3}}},"fnMap":{"0":{"name":"(anonymous_0)","decl":{"start":{"line":12,"column":33},"end":{"line":12,"column":34}},"loc":{"start":{"line":12,"column":52},"end":{"line":16,"column":1}},"line":12}},"branchMap":{},"s":{"0":1,"1":6},"f":{"0":6},"b":{},"_coverageSchema":"1a1c01bbd47fc00a2c39e90264f33305004495a9","hash":"14f62c153d574433d238cf0cd05c89ae94fd6886"}
,"/home/juanfer/node-projects/clean-arquitecture-typescript/specs/server.ts": {"path":"/home/juanfer/node-projects/clean-arquitecture-typescript/specs/server.ts","statementMap":{"0":{"start":{"line":6,"column":12},"end":{"line":6,"column":21}},"1":{"start":{"line":7,"column":0},"end":{"line":7,"column":24}},"2":{"start":{"line":9,"column":0},"end":{"line":11,"column":2}},"3":{"start":{"line":10,"column":2},"end":{"line":10,"column":26}},"4":{"start":{"line":13,"column":0},"end":{"line":13,"column":19}}},"fnMap":{"0":{"name":"(anonymous_0)","decl":{"start":{"line":9,"column":13},"end":{"line":9,"column":14}},"loc":{"start":{"line":9,"column":43},"end":{"line":11,"column":1}},"line":9}},"branchMap":{},"s":{"0":1,"1":1,"2":1,"3":0,"4":1},"f":{"0":0},"b":{},"_coverageSchema":"1a1c01bbd47fc00a2c39e90264f33305004495a9","hash":"f1eef20d33ba8efac5e16a6153b22008bf775fb3"}
,"/home/juanfer/node-projects/clean-arquitecture-typescript/src/common/clients/prisma/index.ts": {"path":"/home/juanfer/node-projects/clean-arquitecture-typescript/src/common/clients/prisma/index.ts","statementMap":{"0":{"start":{"line":4,"column":13},"end":{"line":20,"column":1}},"1":{"start":{"line":22,"column":24},"end":{"line":22,"column":67}},"2":{"start":{"line":24,"column":15},"end":{"line":30,"column":2}},"3":{"start":{"line":32,"column":25},"end":{"line":39,"column":1}},"4":{"start":{"line":33,"column":2},"end":{"line":38,"column":3}},"5":{"start":{"line":34,"column":4},"end":{"line":34,"column":28}},"6":{"start":{"line":35,"column":4},"end":{"line":35,"column":54}},"7":{"start":{"line":37,"column":4},"end":{"line":37,"column":24}},"8":{"start":{"line":41,"column":36},"end":{"line":41,"column":42}}},"fnMap":{"0":{"name":"(anonymous_0)","decl":{"start":{"line":32,"column":25},"end":{"line":32,"column":26}},"loc":{"start":{"line":32,"column":37},"end":{"line":39,"column":1}},"line":32}},"branchMap":{"0":{"loc":{"start":{"line":22,"column":24},"end":{"line":22,"column":67}},"type":"cond-expr","locations":[{"start":{"line":22,"column":58},"end":{"line":22,"column":60}},{"start":{"line":22,"column":63},"end":{"line":22,"column":67}}],"line":22},"1":{"loc":{"start":{"line":26,"column":15},"end":{"line":26,"column":105}},"type":"cond-expr","locations":[{"start":{"line":26,"column":49},"end":{"line":26,"column":78}},{"start":{"line":26,"column":81},"end":{"line":26,"column":105}}],"line":26}},"s":{"0":1,"1":1,"2":1,"3":1,"4":0,"5":0,"6":0,"7":0,"8":1},"f":{"0":0},"b":{"0":[1,0],"1":[1,0]},"_coverageSchema":"1a1c01bbd47fc00a2c39e90264f33305004495a9","hash":"d32b735d13e6d41d0e2c9f413b27fa5e9128057f"}
,"/home/juanfer/node-projects/clean-arquitecture-typescript/src/common/repository/index.ts": {"path":"/home/juanfer/node-projects/clean-arquitecture-typescript/src/common/repository/index.ts","statementMap":{"0":{"start":{"line":13,"column":17},"end":{"line":13,"column":51}},"1":{"start":{"line":15,"column":4},"end":{"line":15,"column":16}},"2":{"start":{"line":19,"column":4},"end":{"line":29,"column":5}},"3":{"start":{"line":20,"column":19},"end":{"line":20,"column":62}},"4":{"start":{"line":22,"column":6},"end":{"line":22,"column":18}},"5":{"start":{"line":24,"column":6},"end":{"line":26,"column":7}},"6":{"start":{"line":25,"column":8},"end":{"line":25,"column":34}},"7":{"start":{"line":28,"column":6},"end":{"line":28,"column":32}},"8":{"start":{"line":33,"column":20},"end":{"line":33,"column":58}},"9":{"start":{"line":35,"column":4},"end":{"line":35,"column":19}},"10":{"start":{"line":39,"column":25},"end":{"line":39,"column":65}},"11":{"start":{"line":41,"column":4},"end":{"line":41,"column":24}},"12":{"start":{"line":45,"column":25},"end":{"line":45,"column":66}},"13":{"start":{"line":47,"column":4},"end":{"line":47,"column":24}}},"fnMap":{"0":{"name":"(anonymous_0)","decl":{"start":{"line":10,"column":2},"end":{"line":10,"column":3}},"loc":{"start":{"line":10,"column":16},"end":{"line":10,"column":18}},"line":10},"1":{"name":"(anonymous_1)","decl":{"start":{"line":12,"column":2},"end":{"line":12,"column":3}},"loc":{"start":{"line":12,"column":28},"end":{"line":16,"column":3}},"line":12},"2":{"name":"(anonymous_2)","decl":{"start":{"line":18,"column":2},"end":{"line":18,"column":3}},"loc":{"start":{"line":18,"column":43},"end":{"line":30,"column":3}},"line":18},"3":{"name":"(anonymous_3)","decl":{"start":{"line":32,"column":2},"end":{"line":32,"column":3}},"loc":{"start":{"line":32,"column":36},"end":{"line":36,"column":3}},"line":32},"4":{"name":"(anonymous_4)","decl":{"start":{"line":38,"column":2},"end":{"line":38,"column":3}},"loc":{"start":{"line":38,"column":46},"end":{"line":42,"column":3}},"line":38},"5":{"name":"(anonymous_5)","decl":{"start":{"line":44,"column":2},"end":{"line":44,"column":3}},"loc":{"start":{"line":44,"column":37},"end":{"line":48,"column":3}},"line":44}},"branchMap":{"0":{"loc":{"start":{"line":24,"column":6},"end":{"line":26,"column":7}},"type":"if","locations":[{"start":{"line":24,"column":6},"end":{"line":26,"column":7}},{"start":{},"end":{}}],"line":24}},"s":{"0":1,"1":1,"2":0,"3":0,"4":0,"5":0,"6":0,"7":0,"8":1,"9":1,"10":0,"11":0,"12":0,"13":0},"f":{"0":1,"1":1,"2":0,"3":1,"4":0,"5":0},"b":{"0":[0,0]},"_coverageSchema":"1a1c01bbd47fc00a2c39e90264f33305004495a9","hash":"345e303983bfeddaeecb547e5585a4cff6da54a9"}
,"/home/juanfer/node-projects/clean-arquitecture-typescript/src/common/utils/index.ts": {"path":"/home/juanfer/node-projects/clean-arquitecture-typescript/src/common/utils/index.ts","statementMap":{"0":{"start":{"line":1,"column":37},"end":{"line":3,"column":1}},"1":{"start":{"line":2,"column":2},"end":{"line":2,"column":58}}},"fnMap":{"0":{"name":"(anonymous_0)","decl":{"start":{"line":1,"column":37},"end":{"line":1,"column":38}},"loc":{"start":{"line":1,"column":57},"end":{"line":3,"column":1}},"line":1}},"branchMap":{},"s":{"0":2,"1":9},"f":{"0":9},"b":{},"_coverageSchema":"1a1c01bbd47fc00a2c39e90264f33305004495a9","hash":"2ae0d944ba3c3cf5634213ccec8ff668ef8c0da0"}
,"/home/juanfer/node-projects/clean-arquitecture-typescript/src/common/utils/logger/index.ts": {"path":"/home/juanfer/node-projects/clean-arquitecture-typescript/src/common/utils/logger/index.ts","statementMap":{"0":{"start":{"line":5,"column":69},"end":{"line":5,"column":75}},"1":{"start":{"line":7,"column":15},"end":{"line":20,"column":2}},"2":{"start":{"line":13,"column":21},"end":{"line":13,"column":38}},"3":{"start":{"line":31,"column":19},"end":{"line":39,"column":1}},"4":{"start":{"line":32,"column":17},"end":{"line":32,"column":68}},"5":{"start":{"line":34,"column":2},"end":{"line":36,"column":3}},"6":{"start":{"line":35,"column":4},"end":{"line":35,"column":18}},"7":{"start":{"line":38,"column":2},"end":{"line":38,"column":17}},"8":{"start":{"line":41,"column":20},"end":{"line":47,"column":1}},"9":{"start":{"line":43,"column":49},"end":{"line":43,"column":53}},"10":{"start":{"line":44,"column":13},"end":{"line":44,"column":53}},"11":{"start":{"line":46,"column":2},"end":{"line":46,"column":108}},"12":{"start":{"line":49,"column":22},"end":{"line":55,"column":1}},"13":{"start":{"line":51,"column":17},"end":{"line":51,"column":36}},"14":{"start":{"line":53,"column":4},"end":{"line":53,"column":41}}},"fnMap":{"0":{"name":"(anonymous_0)","decl":{"start":{"line":13,"column":11},"end":{"line":13,"column":12}},"loc":{"start":{"line":13,"column":21},"end":{"line":13,"column":38}},"line":13},"1":{"name":"(anonymous_1)","decl":{"start":{"line":31,"column":19},"end":{"line":31,"column":20}},"loc":{"start":{"line":31,"column":37},"end":{"line":39,"column":1}},"line":31},"2":{"name":"(anonymous_2)","decl":{"start":{"line":41,"column":20},"end":{"line":41,"column":21}},"loc":{"start":{"line":41,"column":49},"end":{"line":47,"column":1}},"line":41},"3":{"name":"(anonymous_3)","decl":{"start":{"line":50,"column":9},"end":{"line":50,"column":10}},"loc":{"start":{"line":50,"column":27},"end":{"line":54,"column":3}},"line":50}},"branchMap":{"0":{"loc":{"start":{"line":34,"column":2},"end":{"line":36,"column":3}},"type":"if","locations":[{"start":{"line":34,"column":2},"end":{"line":36,"column":3}},{"start":{},"end":{}}],"line":34},"1":{"loc":{"start":{"line":34,"column":6},"end":{"line":34,"column":35}},"type":"binary-expr","locations":[{"start":{"line":34,"column":6},"end":{"line":34,"column":18}},{"start":{"line":34,"column":22},"end":{"line":34,"column":35}}],"line":34},"2":{"loc":{"start":{"line":46,"column":44},"end":{"line":46,"column":105}},"type":"cond-expr","locations":[{"start":{"line":46,"column":71},"end":{"line":46,"column":100}},{"start":{"line":46,"column":103},"end":{"line":46,"column":105}}],"line":46}},"s":{"0":1,"1":1,"2":0,"3":1,"4":0,"5":0,"6":0,"7":0,"8":1,"9":0,"10":0,"11":0,"12":1,"13":0,"14":0},"f":{"0":0,"1":0,"2":0,"3":0},"b":{"0":[0,0],"1":[0,0],"2":[0,0]},"_coverageSchema":"1a1c01bbd47fc00a2c39e90264f33305004495a9","hash":"8817fd5cea595913297cfe6dbec1b97dfe31ff3e"}
,"/home/juanfer/node-projects/clean-arquitecture-typescript/src/user/container.ts": {"path":"/home/juanfer/node-projects/clean-arquitecture-typescript/src/user/container.ts","statementMap":{"0":{"start":{"line":9,"column":18},"end":{"line":9,"column":33}},"1":{"start":{"line":10,"column":0},"end":{"line":10,"column":89}},"2":{"start":{"line":11,"column":0},"end":{"line":11,"column":59}},"3":{"start":{"line":12,"column":0},"end":{"line":12,"column":62}},"4":{"start":{"line":13,"column":0},"end":{"line":13,"column":71}}},"fnMap":{},"branchMap":{},"s":{"0":1,"1":1,"2":1,"3":1,"4":1},"f":{},"b":{},"_coverageSchema":"1a1c01bbd47fc00a2c39e90264f33305004495a9","hash":"1e2fa89244b4993f6a60185c5a2cd5f0fd1d7ab4"}
,"/home/juanfer/node-projects/clean-arquitecture-typescript/src/user/types.ts": {"path":"/home/juanfer/node-projects/clean-arquitecture-typescript/src/user/types.ts","statementMap":{"0":{"start":{"line":1,"column":21},"end":{"line":6,"column":1}}},"fnMap":{},"branchMap":{},"s":{"0":1},"f":{},"b":{},"_coverageSchema":"1a1c01bbd47fc00a2c39e90264f33305004495a9","hash":"668f4355e6c5ffa418aacbb3b2e7bc9db02a887e"}
,"/home/juanfer/node-projects/clean-arquitecture-typescript/src/user/application/user.use_case.ts": {"path":"/home/juanfer/node-projects/clean-arquitecture-typescript/src/user/application/user.use_case.ts","statementMap":{"0":{"start":{"line":19,"column":20},"end":{"line":31,"column":3}},"1":{"start":{"line":22,"column":4},"end":{"line":30,"column":5}},"2":{"start":{"line":23,"column":25},"end":{"line":23,"column":66}},"3":{"start":{"line":24,"column":6},"end":{"line":24,"column":42}},"4":{"start":{"line":25,"column":22},"end":{"line":25,"column":66}},"5":{"start":{"line":27,"column":6},"end":{"line":27,"column":21}},"6":{"start":{"line":29,"column":6},"end":{"line":29,"column":18}},"7":{"start":{"line":33,"column":23},"end":{"line":37,"column":3}},"8":{"start":{"line":34,"column":18},"end":{"line":34,"column":49}},"9":{"start":{"line":36,"column":4},"end":{"line":36,"column":17}},"10":{"start":{"line":40,"column":17},"end":{"line":40,"column":53}},"11":{"start":{"line":42,"column":4},"end":{"line":42,"column":16}},"12":{"start":{"line":46,"column":4},"end":{"line":57,"column":5}},"13":{"start":{"line":47,"column":6},"end":{"line":47,"column":41}},"14":{"start":{"line":49,"column":20},"end":{"line":49,"column":22}},"15":{"start":{"line":51,"column":6},"end":{"line":54,"column":8}},"16":{"start":{"line":52,"column":25},"end":{"line":52,"column":58}},"17":{"start":{"line":53,"column":8},"end":{"line":53,"column":87}},"18":{"start":{"line":56,"column":6},"end":{"line":56,"column":18}}},"fnMap":{"0":{"name":"(anonymous_0)","decl":{"start":{"line":13,"column":2},"end":{"line":13,"column":3}},"loc":{"start":{"line":15,"column":4},"end":{"line":17,"column":3}},"line":15},"1":{"name":"(anonymous_1)","decl":{"start":{"line":19,"column":20},"end":{"line":19,"column":21}},"loc":{"start":{"line":21,"column":7},"end":{"line":31,"column":3}},"line":21},"2":{"name":"(anonymous_2)","decl":{"start":{"line":33,"column":23},"end":{"line":33,"column":24}},"loc":{"start":{"line":33,"column":35},"end":{"line":37,"column":3}},"line":33},"3":{"name":"(anonymous_3)","decl":{"start":{"line":39,"column":2},"end":{"line":39,"column":3}},"loc":{"start":{"line":39,"column":36},"end":{"line":43,"column":3}},"line":39},"4":{"name":"(anonymous_4)","decl":{"start":{"line":45,"column":2},"end":{"line":45,"column":3}},"loc":{"start":{"line":45,"column":53},"end":{"line":58,"column":3}},"line":45},"5":{"name":"(anonymous_5)","decl":{"start":{"line":51,"column":16},"end":{"line":51,"column":17}},"loc":{"start":{"line":51,"column":28},"end":{"line":54,"column":7}},"line":51}},"branchMap":{},"s":{"0":1,"1":5,"2":5,"3":5,"4":1,"5":1,"6":4,"7":1,"8":1,"9":1,"10":0,"11":0,"12":5,"13":5,"14":4,"15":4,"16":8,"17":8,"18":4},"f":{"0":1,"1":5,"2":1,"3":0,"4":5,"5":8},"b":{},"_coverageSchema":"1a1c01bbd47fc00a2c39e90264f33305004495a9","hash":"9ff77b016f243d176fc252ebcd427f95d2930eab"}
,"/home/juanfer/node-projects/clean-arquitecture-typescript/src/user/domain/user.mapper.ts": {"path":"/home/juanfer/node-projects/clean-arquitecture-typescript/src/user/domain/user.mapper.ts","statementMap":{"0":{"start":{"line":31,"column":4},"end":{"line":31,"column":21}},"1":{"start":{"line":32,"column":4},"end":{"line":32,"column":23}},"2":{"start":{"line":33,"column":4},"end":{"line":33,"column":29}}},"fnMap":{"0":{"name":"(anonymous_0)","decl":{"start":{"line":30,"column":2},"end":{"line":30,"column":3}},"loc":{"start":{"line":30,"column":88},"end":{"line":34,"column":3}},"line":30}},"branchMap":{},"s":{"0":5,"1":5,"2":5},"f":{"0":5},"b":{},"_coverageSchema":"1a1c01bbd47fc00a2c39e90264f33305004495a9","hash":"ba1aa3d341bd1d35303509b42e1025473ac60c06"}
,"/home/juanfer/node-projects/clean-arquitecture-typescript/src/user/infastructure/controller/index.ts": {"path":"/home/juanfer/node-projects/clean-arquitecture-typescript/src/user/infastructure/controller/index.ts","statementMap":{"0":{"start":{"line":13,"column":4},"end":{"line":13,"column":30}},"1":{"start":{"line":14,"column":4},"end":{"line":14,"column":28}},"2":{"start":{"line":15,"column":4},"end":{"line":15,"column":35}},"3":{"start":{"line":18,"column":18},"end":{"line":32,"column":3}},"4":{"start":{"line":19,"column":4},"end":{"line":31,"column":5}},"5":{"start":{"line":20,"column":19},"end":{"line":20,"column":56}},"6":{"start":{"line":22,"column":6},"end":{"line":22,"column":25}},"7":{"start":{"line":24,"column":6},"end":{"line":30,"column":7}},"8":{"start":{"line":25,"column":8},"end":{"line":25,"column":47}},"9":{"start":{"line":26,"column":13},"end":{"line":30,"column":7}},"10":{"start":{"line":27,"column":8},"end":{"line":27,"column":55}},"11":{"start":{"line":29,"column":8},"end":{"line":29,"column":47}},"12":{"start":{"line":34,"column":17},"end":{"line":38,"column":3}},"13":{"start":{"line":35,"column":18},"end":{"line":35,"column":54}},"14":{"start":{"line":37,"column":4},"end":{"line":37,"column":22}},"15":{"start":{"line":40,"column":16},"end":{"line":53,"column":3}},"16":{"start":{"line":41,"column":4},"end":{"line":52,"column":5}},"17":{"start":{"line":42,"column":17},"end":{"line":42,"column":26}},"18":{"start":{"line":43,"column":19},"end":{"line":43,"column":64}},"19":{"start":{"line":45,"column":6},"end":{"line":49,"column":7}},"20":{"start":{"line":46,"column":8},"end":{"line":46,"column":24}},"21":{"start":{"line":48,"column":8},"end":{"line":48,"column":68}},"22":{"start":{"line":51,"column":6},"end":{"line":51,"column":45}}},"fnMap":{"0":{"name":"(anonymous_0)","decl":{"start":{"line":10,"column":2},"end":{"line":10,"column":3}},"loc":{"start":{"line":12,"column":4},"end":{"line":16,"column":3}},"line":12},"1":{"name":"(anonymous_1)","decl":{"start":{"line":18,"column":18},"end":{"line":18,"column":19}},"loc":{"start":{"line":18,"column":78},"end":{"line":32,"column":3}},"line":18},"2":{"name":"(anonymous_2)","decl":{"start":{"line":34,"column":17},"end":{"line":34,"column":18}},"loc":{"start":{"line":34,"column":54},"end":{"line":38,"column":3}},"line":34},"3":{"name":"(anonymous_3)","decl":{"start":{"line":40,"column":16},"end":{"line":40,"column":17}},"loc":{"start":{"line":40,"column":62},"end":{"line":53,"column":3}},"line":40}},"branchMap":{"0":{"loc":{"start":{"line":24,"column":6},"end":{"line":30,"column":7}},"type":"if","locations":[{"start":{"line":24,"column":6},"end":{"line":30,"column":7}},{"start":{"line":26,"column":13},"end":{"line":30,"column":7}}],"line":24},"1":{"loc":{"start":{"line":26,"column":13},"end":{"line":30,"column":7}},"type":"if","locations":[{"start":{"line":26,"column":13},"end":{"line":30,"column":7}},{"start":{"line":28,"column":13},"end":{"line":30,"column":7}}],"line":26},"2":{"loc":{"start":{"line":45,"column":6},"end":{"line":49,"column":7}},"type":"if","locations":[{"start":{"line":45,"column":6},"end":{"line":49,"column":7}},{"start":{"line":47,"column":13},"end":{"line":49,"column":7}}],"line":45}},"s":{"0":1,"1":1,"2":1,"3":1,"4":5,"5":5,"6":1,"7":4,"8":4,"9":0,"10":0,"11":0,"12":1,"13":1,"14":1,"15":1,"16":0,"17":0,"18":0,"19":0,"20":0,"21":0,"22":0},"f":{"0":1,"1":5,"2":1,"3":0},"b":{"0":[4,0],"1":[0,0],"2":[0,0]},"_coverageSchema":"1a1c01bbd47fc00a2c39e90264f33305004495a9","hash":"b82849f16cc61162f068159e64c75a070ccc5eb8"}
,"/home/juanfer/node-projects/clean-arquitecture-typescript/src/user/infastructure/repositories/user.repository.ts": {"path":"/home/juanfer/node-projects/clean-arquitecture-typescript/src/user/infastructure/repositories/user.repository.ts","statementMap":{"0":{"start":{"line":12,"column":4},"end":{"line":12,"column":12}},"1":{"start":{"line":13,"column":4},"end":{"line":13,"column":34}}},"fnMap":{"0":{"name":"(anonymous_0)","decl":{"start":{"line":11,"column":2},"end":{"line":11,"column":3}},"loc":{"start":{"line":11,"column":16},"end":{"line":14,"column":3}},"line":11}},"branchMap":{},"s":{"0":1,"1":1},"f":{"0":1},"b":{},"_coverageSchema":"1a1c01bbd47fc00a2c39e90264f33305004495a9","hash":"a51721666db56f2ce2aa6308fcd6650cb96a9efd"}
,"/home/juanfer/node-projects/clean-arquitecture-typescript/src/user/infastructure/routes/index.ts": {"path":"/home/juanfer/node-projects/clean-arquitecture-typescript/src/user/infastructure/routes/index.ts","statementMap":{"0":{"start":{"line":29,"column":23},"end":{"line":29,"column":74}},"1":{"start":{"line":31,"column":14},"end":{"line":31,"column":22}},"2":{"start":{"line":33,"column":0},"end":{"line":33,"column":44}},"3":{"start":{"line":34,"column":0},"end":{"line":34,"column":45}},"4":{"start":{"line":35,"column":0},"end":{"line":35,"column":42}}},"fnMap":{},"branchMap":{},"s":{"0":1,"1":1,"2":1,"3":1,"4":1},"f":{},"b":{},"_coverageSchema":"1a1c01bbd47fc00a2c39e90264f33305004495a9","hash":"6774a632c681e14131a557115f8c0ff091e5e34c"}
}
